TN:
SF:/home/phmngocnghia/Desktop/vue-notification/src/components/mirror_components/notification/src/components/mirror_components/notification/notification.vue
FN:35,(anonymous_0)
FN:40,(anonymous_1)
FN:51,(anonymous_2)
FN:57,(anonymous_3)
FN:68,(anonymous_4)
FNF:5
FNH:5
FNDA:1,(anonymous_0)
FNDA:1,(anonymous_1)
FNDA:1,(anonymous_2)
FNDA:1,(anonymous_3)
FNDA:1,(anonymous_4)
DA:36,1
DA:37,1
DA:48,1
DA:52,1
DA:53,1
DA:58,1
DA:65,1
DA:66,1
DA:69,1
LF:9
LH:9
BRF:0
BRH:0
end_of_record
TN:
SF:/home/phmngocnghia/Desktop/vue-notification/src/components/mirror_components/notification_bell/src/components/mirror_components/notification_bell/notification_bell.vue
FN:33,(anonymous_0)
FN:44,(anonymous_1)
FN:51,(anonymous_2)
FNF:3
FNH:3
FNDA:2,(anonymous_0)
FNDA:8,(anonymous_1)
FNDA:3,(anonymous_2)
DA:39,2
DA:45,8
DA:52,3
DA:53,1
DA:55,2
LF:5
LH:5
BRDA:47,0,0,2
BRDA:47,0,1,6
BRDA:52,1,0,1
BRDA:52,1,1,2
BRF:4
BRH:4
end_of_record
TN:
SF:/home/phmngocnghia/Desktop/vue-notification/src/components/mirror_components/notification_item/src/components/mirror_components/notification_item/notification_item.vue
FN:30,(anonymous_0)
FNF:1
FNH:1
FNDA:19,(anonymous_0)
DA:31,19
DA:32,19
DA:33,19
DA:34,19
DA:35,19
DA:36,19
DA:38,19
DA:39,15
DA:52,4
DA:53,1
DA:56,3
DA:57,1
DA:60,2
DA:61,1
DA:63,1
LF:15
LH:15
BRDA:38,0,0,15
BRDA:38,0,1,4
BRDA:52,1,0,1
BRDA:52,1,1,3
BRDA:52,2,0,4
BRDA:52,2,1,4
BRDA:56,3,0,1
BRDA:56,3,1,2
BRDA:60,4,0,1
BRDA:60,4,1,1
BRDA:60,5,0,2
BRDA:60,5,1,2
BRF:12
BRH:12
end_of_record
TN:
SF:/home/phmngocnghia/Desktop/vue-notification/src/components/mirror_components/notification_list/src/components/mirror_components/notification_list/notification_list.vue
FN:37,(anonymous_0)
FN:57,(anonymous_1)
FN:104,(anonymous_2)
FNF:3
FNH:2
FNDA:0,(anonymous_0)
FNDA:2,(anonymous_1)
FNDA:3,(anonymous_2)
DA:39,0
DA:41,0
DA:59,2
DA:60,1
DA:67,1
DA:105,3
LF:6
LH:4
BRDA:57,0,0,0
BRDA:59,1,0,1
BRDA:59,1,1,1
BRDA:60,2,0,1
BRDA:60,2,1,0
BRDA:106,3,0,2
BRDA:106,3,1,1
BRF:7
BRH:5
end_of_record
