TN:
SF:/home/phmngocnghia/Desktop/vue-notification/src/components/mirror_components/notification_bell/src/components/mirror_components/notification_bell/notification_bell.vue
FN:33,(anonymous_0)
FN:46,(anonymous_1)
FN:53,(anonymous_2)
FNF:3
FNH:3
FNDA:1,(anonymous_0)
FNDA:4,(anonymous_1)
FNDA:2,(anonymous_2)
DA:39,1
DA:47,4
DA:54,2
DA:55,1
DA:57,1
LF:5
LH:5
BRDA:49,0,0,0
BRDA:49,0,1,4
BRDA:54,1,0,1
BRDA:54,1,1,1
BRF:4
BRH:3
end_of_record
TN:
SF:/home/phmngocnghia/Desktop/vue-notification/src/components/mirror_components/notification_item/src/components/mirror_components/notification_item/notification_item.vue
FN:30,(anonymous_0)
FNF:1
FNH:1
FNDA:7,(anonymous_0)
DA:31,7
DA:32,7
DA:33,7
DA:34,7
DA:35,7
DA:36,7
DA:38,7
DA:39,1
DA:40,0
DA:53,6
DA:54,2
DA:57,4
DA:58,2
DA:61,2
DA:62,1
DA:64,1
LF:16
LH:15
BRDA:38,0,0,1
BRDA:38,0,1,6
BRDA:53,1,0,2
BRDA:53,1,1,4
BRDA:53,2,0,6
BRDA:53,2,1,6
BRDA:57,3,0,2
BRDA:57,3,1,2
BRDA:61,4,0,1
BRDA:61,4,1,1
BRDA:61,5,0,2
BRDA:61,5,1,2
BRF:12
BRH:12
end_of_record
